<?xml version="1.0" encoding="UTF-8"?>
<testng-results skipped="0" failed="0" total="1" passed="1">
  <reporter-output>
  </reporter-output>
  <suite name="Default suite" duration-ms="21260" started-at="2020-05-21T14:01:35Z" finished-at="2020-05-21T14:01:57Z">
    <groups>
    </groups>
    <test name="Default test" duration-ms="21260" started-at="2020-05-21T14:01:35Z" finished-at="2020-05-21T14:01:57Z">
      <class name="com.ajio.testcases.Testcases">
        <test-method status="PASS" signature="setUp()[pri:0, instance:com.ajio.testcases.Testcases@3ffc5af1]" name="setUp" is-config="true" duration-ms="16940" started-at="2020-05-21T19:31:35Z" finished-at="2020-05-21T19:31:52Z">
          <reporter-output>
          </reporter-output>
        </test-method> <!-- setUp -->
        <test-method status="PASS" signature="ajio_001()[pri:0, instance:com.ajio.testcases.Testcases@3ffc5af1]" name="ajio_001" duration-ms="74" started-at="2020-05-21T19:31:52Z" description="To verify Homepage title is displaying as &quot;Online Shopping for Women, Men, Kids – Clothing, Footwear, Fashion | AJIO&quot;" finished-at="2020-05-21T19:31:52Z">
          <reporter-output>
          </reporter-output>
        </test-method> <!-- ajio_001 -->
        <test-method status="PASS" signature="tearDown()[pri:0, instance:com.ajio.testcases.Testcases@3ffc5af1]" name="tearDown" is-config="true" duration-ms="4212" started-at="2020-05-21T19:31:52Z" finished-at="2020-05-21T19:31:57Z">
          <reporter-output>
          </reporter-output>
        </test-method> <!-- tearDown -->
      </class> <!-- com.ajio.testcases.Testcases -->
    </test> <!-- Default test -->
  </suite> <!-- Default suite -->
</testng-results>
